Arguments: 
  /Users/crcn/.nvm/versions/node/v6.9.4/bin/node /usr/local/bin/yarn install

PATH: 
  /Users/crcn/.nvm/versions/node/v6.9.4/bin:/usr/local/bin:/usr/bin:/bin:/usr/sbin:/sbin

Yarn version: 
  0.17.8

Node version: 
  6.9.4

Platform: 
  darwin x64

npm manifest: 
  {
    "name": "aerial-sandbox",
    "version": "0.0.1",
    "description": "sandbox environment for running javascript",
    "repository": {
      "type": "git",
      "url": "git+https://github.com/crcn/aerial.git"
    },
    "main": "./index.js",
    "scripts": {
      "test": "",
      "build": "rm -rf lib; tsc"
    },
    "author": "",
    "license": "ISC",
    "devDependencies": {
      "@types/chai": "^4.0.0",
      "@types/mocha": "^2.2.41",
      "@types/node": "^7.0.31",
      "@types/sinon": "^2.3.1",
      "aerial-commonjs-extension": "^0.0.1",
      "chai": "^4.0.2",
      "mocha": "^3.4.2",
      "sinon": "^2.3.4"
    },
    "dependencies": {
      "abab": "^1.0.3",
      "aerial-common": "0.0.1",
      "md5": "^2.2.1",
      "memoizee": "^0.4.5",
      "mesh-ds": "0.0.x",
      "mesh-memory-ds": "^0.0.1",
      "package-path": "^1.0.0"
    }
  }

yarn manifest: 
  No manifest

Lockfile: 
  No lockfile

Trace: 
  Error: https://registry.yarnpkg.com/sift/-/sift-3.3.11.tgz: ENOENT: no such file or directory, open '/Users/crcn/Library/Caches/Yarn/npm-sift-3.3.11-2ca4984e854e56f89e204cbdc48b51df408edb68/.yarn-tarball.tgz'
      at Error (native)
