Arguments: 
  /Users/crcn/.nvm/versions/node/v6.9.4/bin/node /usr/local/bin/yarn install

PATH: 
  /Users/crcn/.nvm/versions/node/v6.9.4/bin:/usr/local/bin:/usr/bin:/bin:/usr/sbin:/sbin

Yarn version: 
  0.17.8

Node version: 
  6.9.4

Platform: 
  darwin x64

npm manifest: 
  {
    "name": "aerial-webpack-dependency-graph-strategy",
    "version": "1.0.0",
    "description": "",
    "main": "index.js",
    "scripts": {
      "test": "echo \"Error: no test specified\" && exit 1",
      "build": "tsc"
    },
    "author": "",
    "license": "ISC",
    "dependencies": {
      "aerial-common": "0.0.x",
      "aerial-sandbox": "0.0.x",
      "detective": "^4.5.0",
      "md5": "^2.2.1",
      "node-libs-browser": "^2.0.0",
      "resolve": "^1.3.3",
      "sift": "3.3.x",
      "source-map": "^0.5.6"
    },
    "devDependencies": {
      "@types/node": "^7.0.31"
    }
  }

yarn manifest: 
  No manifest

Lockfile: 
  No lockfile

Trace: 
  Error: ENOENT: no such file or directory, open '/Users/crcn/Developer/tandem/aerial/packages/aerial-webpack-dependency-graph-strategy/node_modules/aerial-sandbox/node_modules/aerial-common/node_modules/mesh-crud/lib/index.d.ts'
      at Error (native)
