0 info it worked if it ends with ok
1 verbose cli [ '/Users/crcn/.nvm/versions/node/v6.9.4/bin/node',
1 verbose cli   '/Users/crcn/.nvm/versions/node/v6.9.4/bin/npm',
1 verbose cli   'link' ]
2 info using npm@3.10.10
3 info using node@v6.9.4
4 verbose linkPkg /Users/crcn/Developer/tandem/aerial/examples/aerial-playground
5 silly gentlyRm /Users/crcn/.nvm/versions/node/v6.9.4/lib/node_modules/aerial-core is being purged
6 verbose gentlyRm don't care about contents; nuking /Users/crcn/.nvm/versions/node/v6.9.4/lib/node_modules/aerial-core
7 silly vacuum-fs purging /Users/crcn/.nvm/versions/node/v6.9.4/lib/node_modules/aerial-core
8 silly vacuum-fs quitting because other entries in /Users/crcn/.nvm/versions/node/v6.9.4/lib/node_modules
9 verbose stack Error: EEXIST: file already exists, symlink '/Users/crcn/Developer/tandem/aerial/examples/aerial-playground' -> '/Users/crcn/.nvm/versions/node/v6.9.4/lib/node_modules/aerial-core'
9 verbose stack     at Error (native)
10 verbose cwd /Users/crcn/Developer/tandem/aerial/examples/aerial-playground
11 error Darwin 16.6.0
12 error argv "/Users/crcn/.nvm/versions/node/v6.9.4/bin/node" "/Users/crcn/.nvm/versions/node/v6.9.4/bin/npm" "link"
13 error node v6.9.4
14 error npm  v3.10.10
15 error path /Users/crcn/Developer/tandem/aerial/examples/aerial-playground
16 error code EEXIST
17 error errno -17
18 error syscall symlink
19 error EEXIST: file already exists, symlink '/Users/crcn/Developer/tandem/aerial/examples/aerial-playground' -> '/Users/crcn/.nvm/versions/node/v6.9.4/lib/node_modules/aerial-core'
20 error File exists: /Users/crcn/Developer/tandem/aerial/examples/aerial-playground
21 error Move it away, and try again.
22 verbose exit [ -17, true ]
